2025-08-18 21:49:24 [background-preinit] INFO  o.h.validator.internal.util.Version - HV000001: Hibernate Validator 8.0.2.Final
2025-08-18 21:49:24 [main] INFO  t.p.controller.OrderControllerTest - Starting OrderControllerTest using Java 17.0.11 with PID 15220 (started by Meli in C:\Users\Péter\IdeaProjects\Pizzeria)
2025-08-18 21:49:24 [main] INFO  t.p.controller.OrderControllerTest - The following 1 profile is active: "test"
2025-08-18 21:49:25 [main] INFO  o.s.d.r.c.RepositoryConfigurationDelegate - Bootstrapping Spring Data JPA repositories in DEFAULT mode.
2025-08-18 21:49:25 [main] INFO  o.s.d.r.c.RepositoryConfigurationDelegate - Finished Spring Data repository scanning in 88 ms. Found 6 JPA repository interfaces.
2025-08-18 21:49:26 [main] INFO  o.h.jpa.internal.util.LogHelper - HHH000204: Processing PersistenceUnitInfo [name: default]
2025-08-18 21:49:26 [main] INFO  org.hibernate.Version - HHH000412: Hibernate ORM core version 6.6.4.Final
2025-08-18 21:49:26 [main] INFO  o.h.c.i.RegionFactoryInitiator - HHH000026: Second-level cache disabled
2025-08-18 21:49:26 [main] INFO  o.s.o.j.p.SpringPersistenceUnitInfo - No LoadTimeWeaver setup: ignoring JPA class transformer
2025-08-18 21:49:26 [main] INFO  com.zaxxer.hikari.HikariDataSource - HikariPool-1 - Starting...
2025-08-18 21:49:27 [main] INFO  com.zaxxer.hikari.pool.HikariPool - HikariPool-1 - Added connection org.postgresql.jdbc.PgConnection@4ca970d5
2025-08-18 21:49:27 [main] INFO  com.zaxxer.hikari.HikariDataSource - HikariPool-1 - Start completed.
2025-08-18 21:49:27 [main] INFO  o.hibernate.orm.connections.pooling - HHH10001005: Database info:
	Database JDBC URL [Connecting through datasource 'HikariDataSource (HikariPool-1)']
	Database driver: undefined/unknown
	Database version: 17.4
	Autocommit mode: undefined/unknown
	Isolation level: undefined/unknown
	Minimum pool size: undefined/unknown
	Maximum pool size: undefined/unknown
2025-08-18 21:49:28 [main] INFO  o.h.e.t.j.p.i.JtaPlatformInitiator - HHH000489: No JTA platform available (set 'hibernate.transaction.jta.platform' to enable JTA platform integration)
2025-08-18 21:49:28 [main] INFO  o.s.o.j.LocalContainerEntityManagerFactoryBean - Initialized JPA EntityManagerFactory for persistence unit 'default'
2025-08-18 21:49:29 [main] INFO  o.s.d.j.r.query.QueryEnhancerFactory - Hibernate is in classpath; If applicable, HQL parser will be used.
2025-08-18 21:49:29 [main] INFO  o.s.s.c.a.a.c.InitializeUserDetailsBeanManagerConfigurer$InitializeUserDetailsManagerConfigurer - Global AuthenticationManager configured with UserDetailsService bean with name customerService
2025-08-18 21:49:30 [main] WARN  o.s.b.a.o.j.JpaBaseConfiguration$JpaWebConfiguration - spring.jpa.open-in-view is enabled by default. Therefore, database queries may be performed during view rendering. Explicitly configure spring.jpa.open-in-view to disable this warning
2025-08-18 21:49:30 [main] WARN  o.s.b.a.t.ThymeleafAutoConfiguration$DefaultTemplateResolverConfiguration - Cannot find template location: classpath:/templates/ (please add some templates, check your Thymeleaf configuration, or set spring.thymeleaf.check-template-location=false)
2025-08-18 21:49:31 [main] INFO  o.s.b.t.m.w.SpringBootMockServletContext - Initializing Spring TestDispatcherServlet ''
2025-08-18 21:49:31 [main] INFO  o.s.t.w.s.TestDispatcherServlet - Initializing Servlet ''
2025-08-18 21:49:31 [main] INFO  o.s.t.w.s.TestDispatcherServlet - Completed initialization in 2 ms
2025-08-18 21:49:31 [main] INFO  t.p.controller.OrderControllerTest - Started OrderControllerTest in 7.059 seconds (process running for 8.752)
2025-08-18 21:49:32 [main] INFO  t.p.controller.OrderController - Create New Order
2025-08-18 21:49:32 [main] INFO  o.s.o.j.LocalContainerEntityManagerFactoryBean - Closing JPA EntityManagerFactory for persistence unit 'default'
2025-08-18 21:49:32 [main] INFO  com.zaxxer.hikari.HikariDataSource - HikariPool-1 - Shutdown initiated...
2025-08-18 21:49:32 [main] INFO  com.zaxxer.hikari.HikariDataSource - HikariPool-1 - Shutdown completed.
2025-08-18 21:49:32 [main] INFO  o.s.b.d.r.RestartApplicationListener - Restart disabled due to context in which it is running
2025-08-18 21:49:32 [main] INFO  t.p.controller.OrderControllerTest - Starting OrderControllerTest using Java 17.0.11 with PID 15220 (started by Meli in C:\Users\Péter\IdeaProjects\Pizzeria)
2025-08-18 21:49:32 [main] INFO  t.p.controller.OrderControllerTest - The following 1 profile is active: "test"
2025-08-18 21:49:32 [main] INFO  o.s.d.r.c.RepositoryConfigurationDelegate - Bootstrapping Spring Data JPA repositories in DEFAULT mode.
2025-08-18 21:49:32 [main] INFO  o.s.d.r.c.RepositoryConfigurationDelegate - Finished Spring Data repository scanning in 21 ms. Found 6 JPA repository interfaces.
2025-08-18 21:49:32 [main] INFO  o.h.jpa.internal.util.LogHelper - HHH000204: Processing PersistenceUnitInfo [name: default]
2025-08-18 21:49:32 [main] INFO  o.h.c.i.RegionFactoryInitiator - HHH000026: Second-level cache disabled
2025-08-18 21:49:32 [main] INFO  o.s.o.j.p.SpringPersistenceUnitInfo - No LoadTimeWeaver setup: ignoring JPA class transformer
2025-08-18 21:49:32 [main] INFO  com.zaxxer.hikari.HikariDataSource - HikariPool-2 - Starting...
2025-08-18 21:49:32 [main] INFO  com.zaxxer.hikari.pool.HikariPool - HikariPool-2 - Added connection org.postgresql.jdbc.PgConnection@1a4dd83f
2025-08-18 21:49:32 [main] INFO  com.zaxxer.hikari.HikariDataSource - HikariPool-2 - Start completed.
2025-08-18 21:49:32 [main] INFO  o.hibernate.orm.connections.pooling - HHH10001005: Database info:
	Database JDBC URL [Connecting through datasource 'HikariDataSource (HikariPool-2)']
	Database driver: undefined/unknown
	Database version: 17.4
	Autocommit mode: undefined/unknown
	Isolation level: undefined/unknown
	Minimum pool size: undefined/unknown
	Maximum pool size: undefined/unknown
2025-08-18 21:49:32 [main] INFO  o.h.e.t.j.p.i.JtaPlatformInitiator - HHH000489: No JTA platform available (set 'hibernate.transaction.jta.platform' to enable JTA platform integration)
2025-08-18 21:49:33 [main] INFO  o.s.o.j.LocalContainerEntityManagerFactoryBean - Initialized JPA EntityManagerFactory for persistence unit 'default'
2025-08-18 21:49:33 [main] INFO  o.s.s.c.a.a.c.InitializeUserDetailsBeanManagerConfigurer$InitializeUserDetailsManagerConfigurer - Global AuthenticationManager configured with UserDetailsService bean with name customerService
2025-08-18 21:49:33 [main] WARN  o.s.b.a.o.j.JpaBaseConfiguration$JpaWebConfiguration - spring.jpa.open-in-view is enabled by default. Therefore, database queries may be performed during view rendering. Explicitly configure spring.jpa.open-in-view to disable this warning
2025-08-18 21:49:33 [main] WARN  o.s.b.a.t.ThymeleafAutoConfiguration$DefaultTemplateResolverConfiguration - Cannot find template location: classpath:/templates/ (please add some templates, check your Thymeleaf configuration, or set spring.thymeleaf.check-template-location=false)
2025-08-18 21:49:33 [main] INFO  o.s.b.t.m.w.SpringBootMockServletContext - Initializing Spring TestDispatcherServlet ''
2025-08-18 21:49:33 [main] INFO  o.s.t.w.s.TestDispatcherServlet - Initializing Servlet ''
2025-08-18 21:49:33 [main] INFO  o.s.t.w.s.TestDispatcherServlet - Completed initialization in 1 ms
2025-08-18 21:49:33 [main] INFO  t.p.controller.OrderControllerTest - Started OrderControllerTest in 1.151 seconds (process running for 10.998)
2025-08-18 21:49:33 [main] INFO  t.p.controller.OrderController - Delete Order By Id: 2
2025-08-18 21:49:33 [main] INFO  o.s.o.j.LocalContainerEntityManagerFactoryBean - Closing JPA EntityManagerFactory for persistence unit 'default'
2025-08-18 21:49:33 [main] INFO  com.zaxxer.hikari.HikariDataSource - HikariPool-2 - Shutdown initiated...
2025-08-18 21:49:33 [main] INFO  com.zaxxer.hikari.HikariDataSource - HikariPool-2 - Shutdown completed.
2025-08-18 21:49:33 [main] INFO  o.s.b.d.r.RestartApplicationListener - Restart disabled due to context in which it is running
2025-08-18 21:49:33 [main] INFO  t.p.controller.OrderControllerTest - Starting OrderControllerTest using Java 17.0.11 with PID 15220 (started by Meli in C:\Users\Péter\IdeaProjects\Pizzeria)
2025-08-18 21:49:33 [main] INFO  t.p.controller.OrderControllerTest - The following 1 profile is active: "test"
2025-08-18 21:49:33 [main] INFO  o.s.d.r.c.RepositoryConfigurationDelegate - Bootstrapping Spring Data JPA repositories in DEFAULT mode.
2025-08-18 21:49:33 [main] INFO  o.s.d.r.c.RepositoryConfigurationDelegate - Finished Spring Data repository scanning in 18 ms. Found 6 JPA repository interfaces.
2025-08-18 21:49:33 [main] INFO  o.h.jpa.internal.util.LogHelper - HHH000204: Processing PersistenceUnitInfo [name: default]
2025-08-18 21:49:33 [main] INFO  o.h.c.i.RegionFactoryInitiator - HHH000026: Second-level cache disabled
2025-08-18 21:49:33 [main] INFO  o.s.o.j.p.SpringPersistenceUnitInfo - No LoadTimeWeaver setup: ignoring JPA class transformer
2025-08-18 21:49:33 [main] INFO  com.zaxxer.hikari.HikariDataSource - HikariPool-3 - Starting...
2025-08-18 21:49:33 [main] INFO  com.zaxxer.hikari.pool.HikariPool - HikariPool-3 - Added connection org.postgresql.jdbc.PgConnection@5ee29735
2025-08-18 21:49:33 [main] INFO  com.zaxxer.hikari.HikariDataSource - HikariPool-3 - Start completed.
2025-08-18 21:49:33 [main] INFO  o.hibernate.orm.connections.pooling - HHH10001005: Database info:
	Database JDBC URL [Connecting through datasource 'HikariDataSource (HikariPool-3)']
	Database driver: undefined/unknown
	Database version: 17.4
	Autocommit mode: undefined/unknown
	Isolation level: undefined/unknown
	Minimum pool size: undefined/unknown
	Maximum pool size: undefined/unknown
2025-08-18 21:49:34 [main] INFO  o.h.e.t.j.p.i.JtaPlatformInitiator - HHH000489: No JTA platform available (set 'hibernate.transaction.jta.platform' to enable JTA platform integration)
2025-08-18 21:49:34 [main] INFO  o.s.o.j.LocalContainerEntityManagerFactoryBean - Initialized JPA EntityManagerFactory for persistence unit 'default'
2025-08-18 21:49:34 [main] INFO  o.s.s.c.a.a.c.InitializeUserDetailsBeanManagerConfigurer$InitializeUserDetailsManagerConfigurer - Global AuthenticationManager configured with UserDetailsService bean with name customerService
2025-08-18 21:49:34 [main] WARN  o.s.b.a.o.j.JpaBaseConfiguration$JpaWebConfiguration - spring.jpa.open-in-view is enabled by default. Therefore, database queries may be performed during view rendering. Explicitly configure spring.jpa.open-in-view to disable this warning
2025-08-18 21:49:34 [main] WARN  o.s.b.a.t.ThymeleafAutoConfiguration$DefaultTemplateResolverConfiguration - Cannot find template location: classpath:/templates/ (please add some templates, check your Thymeleaf configuration, or set spring.thymeleaf.check-template-location=false)
2025-08-18 21:49:34 [main] INFO  o.s.b.t.m.w.SpringBootMockServletContext - Initializing Spring TestDispatcherServlet ''
2025-08-18 21:49:34 [main] INFO  o.s.t.w.s.TestDispatcherServlet - Initializing Servlet ''
2025-08-18 21:49:34 [main] INFO  o.s.t.w.s.TestDispatcherServlet - Completed initialization in 0 ms
2025-08-18 21:49:34 [main] INFO  t.p.controller.OrderControllerTest - Started OrderControllerTest in 1.04 seconds (process running for 12.121)
2025-08-18 21:49:34 [main] INFO  t.p.controller.OrderController - Create New Order
2025-08-18 21:49:34 [main] INFO  o.s.o.j.LocalContainerEntityManagerFactoryBean - Closing JPA EntityManagerFactory for persistence unit 'default'
2025-08-18 21:49:34 [main] INFO  com.zaxxer.hikari.HikariDataSource - HikariPool-3 - Shutdown initiated...
2025-08-18 21:49:34 [main] INFO  com.zaxxer.hikari.HikariDataSource - HikariPool-3 - Shutdown completed.
2025-08-18 21:49:34 [main] INFO  o.s.b.d.r.RestartApplicationListener - Restart disabled due to context in which it is running
2025-08-18 21:49:34 [main] INFO  t.p.controller.OrderControllerTest - Starting OrderControllerTest using Java 17.0.11 with PID 15220 (started by Meli in C:\Users\Péter\IdeaProjects\Pizzeria)
2025-08-18 21:49:34 [main] INFO  t.p.controller.OrderControllerTest - The following 1 profile is active: "test"
2025-08-18 21:49:34 [main] INFO  o.s.d.r.c.RepositoryConfigurationDelegate - Bootstrapping Spring Data JPA repositories in DEFAULT mode.
2025-08-18 21:49:34 [main] INFO  o.s.d.r.c.RepositoryConfigurationDelegate - Finished Spring Data repository scanning in 22 ms. Found 6 JPA repository interfaces.
2025-08-18 21:49:34 [main] INFO  o.h.jpa.internal.util.LogHelper - HHH000204: Processing PersistenceUnitInfo [name: default]
2025-08-18 21:49:34 [main] INFO  o.h.c.i.RegionFactoryInitiator - HHH000026: Second-level cache disabled
2025-08-18 21:49:35 [main] INFO  o.s.o.j.p.SpringPersistenceUnitInfo - No LoadTimeWeaver setup: ignoring JPA class transformer
2025-08-18 21:49:35 [main] INFO  com.zaxxer.hikari.HikariDataSource - HikariPool-4 - Starting...
2025-08-18 21:49:35 [main] INFO  com.zaxxer.hikari.pool.HikariPool - HikariPool-4 - Added connection org.postgresql.jdbc.PgConnection@5a81545c
2025-08-18 21:49:35 [main] INFO  com.zaxxer.hikari.HikariDataSource - HikariPool-4 - Start completed.
2025-08-18 21:49:35 [main] INFO  o.hibernate.orm.connections.pooling - HHH10001005: Database info:
	Database JDBC URL [Connecting through datasource 'HikariDataSource (HikariPool-4)']
	Database driver: undefined/unknown
	Database version: 17.4
	Autocommit mode: undefined/unknown
	Isolation level: undefined/unknown
	Minimum pool size: undefined/unknown
	Maximum pool size: undefined/unknown
2025-08-18 21:49:35 [main] INFO  o.h.e.t.j.p.i.JtaPlatformInitiator - HHH000489: No JTA platform available (set 'hibernate.transaction.jta.platform' to enable JTA platform integration)
2025-08-18 21:49:35 [main] INFO  o.s.o.j.LocalContainerEntityManagerFactoryBean - Initialized JPA EntityManagerFactory for persistence unit 'default'
2025-08-18 21:49:35 [main] INFO  o.s.s.c.a.a.c.InitializeUserDetailsBeanManagerConfigurer$InitializeUserDetailsManagerConfigurer - Global AuthenticationManager configured with UserDetailsService bean with name customerService
2025-08-18 21:49:35 [main] WARN  o.s.b.a.o.j.JpaBaseConfiguration$JpaWebConfiguration - spring.jpa.open-in-view is enabled by default. Therefore, database queries may be performed during view rendering. Explicitly configure spring.jpa.open-in-view to disable this warning
2025-08-18 21:49:35 [main] WARN  o.s.b.a.t.ThymeleafAutoConfiguration$DefaultTemplateResolverConfiguration - Cannot find template location: classpath:/templates/ (please add some templates, check your Thymeleaf configuration, or set spring.thymeleaf.check-template-location=false)
2025-08-18 21:49:35 [main] INFO  o.s.b.t.m.w.SpringBootMockServletContext - Initializing Spring TestDispatcherServlet ''
2025-08-18 21:49:35 [main] INFO  o.s.t.w.s.TestDispatcherServlet - Initializing Servlet ''
2025-08-18 21:49:35 [main] INFO  o.s.t.w.s.TestDispatcherServlet - Completed initialization in 1 ms
2025-08-18 21:49:35 [main] INFO  t.p.controller.OrderControllerTest - Started OrderControllerTest in 0.957 seconds (process running for 13.12)
2025-08-18 21:49:35 [main] INFO  t.p.controller.OrderController - Create New Order
2025-08-18 21:49:35 [main] INFO  t.pizzeria.service.CustomerService - Looking for customer with id: 999
2025-08-18 21:49:35 [main] INFO  o.s.o.j.LocalContainerEntityManagerFactoryBean - Closing JPA EntityManagerFactory for persistence unit 'default'
2025-08-18 21:49:35 [main] INFO  com.zaxxer.hikari.HikariDataSource - HikariPool-4 - Shutdown initiated...
2025-08-18 21:49:35 [main] INFO  com.zaxxer.hikari.HikariDataSource - HikariPool-4 - Shutdown completed.
2025-08-18 21:49:35 [main] INFO  o.s.b.d.r.RestartApplicationListener - Restart disabled due to context in which it is running
2025-08-18 21:49:35 [main] INFO  t.p.controller.OrderControllerTest - Starting OrderControllerTest using Java 17.0.11 with PID 15220 (started by Meli in C:\Users\Péter\IdeaProjects\Pizzeria)
2025-08-18 21:49:35 [main] INFO  t.p.controller.OrderControllerTest - The following 1 profile is active: "test"
2025-08-18 21:49:36 [main] INFO  o.s.d.r.c.RepositoryConfigurationDelegate - Bootstrapping Spring Data JPA repositories in DEFAULT mode.
2025-08-18 21:49:36 [main] INFO  o.s.d.r.c.RepositoryConfigurationDelegate - Finished Spring Data repository scanning in 16 ms. Found 6 JPA repository interfaces.
2025-08-18 21:49:36 [main] INFO  o.h.jpa.internal.util.LogHelper - HHH000204: Processing PersistenceUnitInfo [name: default]
2025-08-18 21:49:36 [main] INFO  o.h.c.i.RegionFactoryInitiator - HHH000026: Second-level cache disabled
2025-08-18 21:49:36 [main] INFO  o.s.o.j.p.SpringPersistenceUnitInfo - No LoadTimeWeaver setup: ignoring JPA class transformer
2025-08-18 21:49:36 [main] INFO  com.zaxxer.hikari.HikariDataSource - HikariPool-5 - Starting...
2025-08-18 21:49:36 [main] INFO  com.zaxxer.hikari.pool.HikariPool - HikariPool-5 - Added connection org.postgresql.jdbc.PgConnection@4615e23d
2025-08-18 21:49:36 [main] INFO  com.zaxxer.hikari.HikariDataSource - HikariPool-5 - Start completed.
2025-08-18 21:49:36 [main] INFO  o.hibernate.orm.connections.pooling - HHH10001005: Database info:
	Database JDBC URL [Connecting through datasource 'HikariDataSource (HikariPool-5)']
	Database driver: undefined/unknown
	Database version: 17.4
	Autocommit mode: undefined/unknown
	Isolation level: undefined/unknown
	Minimum pool size: undefined/unknown
	Maximum pool size: undefined/unknown
2025-08-18 21:49:36 [main] INFO  o.h.e.t.j.p.i.JtaPlatformInitiator - HHH000489: No JTA platform available (set 'hibernate.transaction.jta.platform' to enable JTA platform integration)
2025-08-18 21:49:36 [main] INFO  o.s.o.j.LocalContainerEntityManagerFactoryBean - Initialized JPA EntityManagerFactory for persistence unit 'default'
2025-08-18 21:49:36 [main] INFO  o.s.s.c.a.a.c.InitializeUserDetailsBeanManagerConfigurer$InitializeUserDetailsManagerConfigurer - Global AuthenticationManager configured with UserDetailsService bean with name customerService
2025-08-18 21:49:36 [main] WARN  o.s.b.a.o.j.JpaBaseConfiguration$JpaWebConfiguration - spring.jpa.open-in-view is enabled by default. Therefore, database queries may be performed during view rendering. Explicitly configure spring.jpa.open-in-view to disable this warning
2025-08-18 21:49:36 [main] WARN  o.s.b.a.t.ThymeleafAutoConfiguration$DefaultTemplateResolverConfiguration - Cannot find template location: classpath:/templates/ (please add some templates, check your Thymeleaf configuration, or set spring.thymeleaf.check-template-location=false)
2025-08-18 21:49:36 [main] INFO  o.s.b.t.m.w.SpringBootMockServletContext - Initializing Spring TestDispatcherServlet ''
2025-08-18 21:49:36 [main] INFO  o.s.t.w.s.TestDispatcherServlet - Initializing Servlet ''
2025-08-18 21:49:36 [main] INFO  o.s.t.w.s.TestDispatcherServlet - Completed initialization in 1 ms
2025-08-18 21:49:36 [main] INFO  t.p.controller.OrderControllerTest - Started OrderControllerTest in 0.863 seconds (process running for 14.197)
2025-08-18 21:49:36 [main] INFO  t.p.controller.OrderController - Create New Order
2025-08-18 21:49:36 [main] INFO  o.s.o.j.LocalContainerEntityManagerFactoryBean - Closing JPA EntityManagerFactory for persistence unit 'default'
2025-08-18 21:49:36 [main] INFO  com.zaxxer.hikari.HikariDataSource - HikariPool-5 - Shutdown initiated...
2025-08-18 21:49:36 [main] INFO  com.zaxxer.hikari.HikariDataSource - HikariPool-5 - Shutdown completed.
2025-08-18 21:49:36 [main] INFO  o.s.b.d.r.RestartApplicationListener - Restart disabled due to context in which it is running
2025-08-18 21:49:36 [main] INFO  t.p.controller.OrderControllerTest - Starting OrderControllerTest using Java 17.0.11 with PID 15220 (started by Meli in C:\Users\Péter\IdeaProjects\Pizzeria)
2025-08-18 21:49:36 [main] INFO  t.p.controller.OrderControllerTest - The following 1 profile is active: "test"
2025-08-18 21:49:37 [main] INFO  o.s.d.r.c.RepositoryConfigurationDelegate - Bootstrapping Spring Data JPA repositories in DEFAULT mode.
2025-08-18 21:49:37 [main] INFO  o.s.d.r.c.RepositoryConfigurationDelegate - Finished Spring Data repository scanning in 25 ms. Found 6 JPA repository interfaces.
2025-08-18 21:49:37 [main] INFO  o.h.jpa.internal.util.LogHelper - HHH000204: Processing PersistenceUnitInfo [name: default]
2025-08-18 21:49:37 [main] INFO  o.h.c.i.RegionFactoryInitiator - HHH000026: Second-level cache disabled
2025-08-18 21:49:37 [main] INFO  o.s.o.j.p.SpringPersistenceUnitInfo - No LoadTimeWeaver setup: ignoring JPA class transformer
2025-08-18 21:49:37 [main] INFO  com.zaxxer.hikari.HikariDataSource - HikariPool-6 - Starting...
2025-08-18 21:49:37 [main] INFO  com.zaxxer.hikari.pool.HikariPool - HikariPool-6 - Added connection org.postgresql.jdbc.PgConnection@64c54f9e
2025-08-18 21:49:37 [main] INFO  com.zaxxer.hikari.HikariDataSource - HikariPool-6 - Start completed.
2025-08-18 21:49:37 [main] INFO  o.hibernate.orm.connections.pooling - HHH10001005: Database info:
	Database JDBC URL [Connecting through datasource 'HikariDataSource (HikariPool-6)']
	Database driver: undefined/unknown
	Database version: 17.4
	Autocommit mode: undefined/unknown
	Isolation level: undefined/unknown
	Minimum pool size: undefined/unknown
	Maximum pool size: undefined/unknown
2025-08-18 21:49:37 [main] INFO  o.h.e.t.j.p.i.JtaPlatformInitiator - HHH000489: No JTA platform available (set 'hibernate.transaction.jta.platform' to enable JTA platform integration)
2025-08-18 21:49:37 [main] INFO  o.s.o.j.LocalContainerEntityManagerFactoryBean - Initialized JPA EntityManagerFactory for persistence unit 'default'
2025-08-18 21:49:37 [main] INFO  o.s.s.c.a.a.c.InitializeUserDetailsBeanManagerConfigurer$InitializeUserDetailsManagerConfigurer - Global AuthenticationManager configured with UserDetailsService bean with name customerService
2025-08-18 21:49:37 [main] WARN  o.s.b.a.o.j.JpaBaseConfiguration$JpaWebConfiguration - spring.jpa.open-in-view is enabled by default. Therefore, database queries may be performed during view rendering. Explicitly configure spring.jpa.open-in-view to disable this warning
2025-08-18 21:49:37 [main] WARN  o.s.b.a.t.ThymeleafAutoConfiguration$DefaultTemplateResolverConfiguration - Cannot find template location: classpath:/templates/ (please add some templates, check your Thymeleaf configuration, or set spring.thymeleaf.check-template-location=false)
2025-08-18 21:49:37 [main] INFO  o.s.b.t.m.w.SpringBootMockServletContext - Initializing Spring TestDispatcherServlet ''
2025-08-18 21:49:37 [main] INFO  o.s.t.w.s.TestDispatcherServlet - Initializing Servlet ''
2025-08-18 21:49:37 [main] INFO  o.s.t.w.s.TestDispatcherServlet - Completed initialization in 3 ms
2025-08-18 21:49:37 [main] INFO  t.p.controller.OrderControllerTest - Started OrderControllerTest in 0.874 seconds (process running for 15.21)
2025-08-18 21:49:37 [main] INFO  t.p.controller.OrderController - Create New Order
2025-08-18 21:49:37 [main] INFO  o.s.o.j.LocalContainerEntityManagerFactoryBean - Closing JPA EntityManagerFactory for persistence unit 'default'
2025-08-18 21:49:37 [main] INFO  com.zaxxer.hikari.HikariDataSource - HikariPool-6 - Shutdown initiated...
2025-08-18 21:49:37 [main] INFO  com.zaxxer.hikari.HikariDataSource - HikariPool-6 - Shutdown completed.
2025-08-18 21:49:37 [main] INFO  o.s.b.d.r.RestartApplicationListener - Restart disabled due to context in which it is running
2025-08-18 21:49:37 [main] INFO  t.p.controller.OrderControllerTest - Starting OrderControllerTest using Java 17.0.11 with PID 15220 (started by Meli in C:\Users\Péter\IdeaProjects\Pizzeria)
2025-08-18 21:49:37 [main] INFO  t.p.controller.OrderControllerTest - The following 1 profile is active: "test"
2025-08-18 21:49:37 [main] INFO  o.s.d.r.c.RepositoryConfigurationDelegate - Bootstrapping Spring Data JPA repositories in DEFAULT mode.
2025-08-18 21:49:37 [main] INFO  o.s.d.r.c.RepositoryConfigurationDelegate - Finished Spring Data repository scanning in 14 ms. Found 6 JPA repository interfaces.
2025-08-18 21:49:38 [main] INFO  o.h.jpa.internal.util.LogHelper - HHH000204: Processing PersistenceUnitInfo [name: default]
2025-08-18 21:49:38 [main] INFO  o.h.c.i.RegionFactoryInitiator - HHH000026: Second-level cache disabled
2025-08-18 21:49:38 [main] INFO  o.s.o.j.p.SpringPersistenceUnitInfo - No LoadTimeWeaver setup: ignoring JPA class transformer
2025-08-18 21:49:38 [main] INFO  com.zaxxer.hikari.HikariDataSource - HikariPool-7 - Starting...
2025-08-18 21:49:38 [main] INFO  com.zaxxer.hikari.pool.HikariPool - HikariPool-7 - Added connection org.postgresql.jdbc.PgConnection@7c36ce16
2025-08-18 21:49:38 [main] INFO  com.zaxxer.hikari.HikariDataSource - HikariPool-7 - Start completed.
2025-08-18 21:49:38 [main] INFO  o.hibernate.orm.connections.pooling - HHH10001005: Database info:
	Database JDBC URL [Connecting through datasource 'HikariDataSource (HikariPool-7)']
	Database driver: undefined/unknown
	Database version: 17.4
	Autocommit mode: undefined/unknown
	Isolation level: undefined/unknown
	Minimum pool size: undefined/unknown
	Maximum pool size: undefined/unknown
2025-08-18 21:49:38 [main] INFO  o.h.e.t.j.p.i.JtaPlatformInitiator - HHH000489: No JTA platform available (set 'hibernate.transaction.jta.platform' to enable JTA platform integration)
2025-08-18 21:49:38 [main] INFO  o.s.o.j.LocalContainerEntityManagerFactoryBean - Initialized JPA EntityManagerFactory for persistence unit 'default'
2025-08-18 21:49:38 [main] INFO  o.s.s.c.a.a.c.InitializeUserDetailsBeanManagerConfigurer$InitializeUserDetailsManagerConfigurer - Global AuthenticationManager configured with UserDetailsService bean with name customerService
2025-08-18 21:49:38 [main] WARN  o.s.b.a.o.j.JpaBaseConfiguration$JpaWebConfiguration - spring.jpa.open-in-view is enabled by default. Therefore, database queries may be performed during view rendering. Explicitly configure spring.jpa.open-in-view to disable this warning
2025-08-18 21:49:38 [main] WARN  o.s.b.a.t.ThymeleafAutoConfiguration$DefaultTemplateResolverConfiguration - Cannot find template location: classpath:/templates/ (please add some templates, check your Thymeleaf configuration, or set spring.thymeleaf.check-template-location=false)
2025-08-18 21:49:38 [main] INFO  o.s.b.t.m.w.SpringBootMockServletContext - Initializing Spring TestDispatcherServlet ''
2025-08-18 21:49:38 [main] INFO  o.s.t.w.s.TestDispatcherServlet - Initializing Servlet ''
2025-08-18 21:49:38 [main] INFO  o.s.t.w.s.TestDispatcherServlet - Completed initialization in 2 ms
2025-08-18 21:49:38 [main] INFO  t.p.controller.OrderControllerTest - Started OrderControllerTest in 0.841 seconds (process running for 16.155)
2025-08-18 21:49:38 [main] INFO  t.p.controller.OrderController - Create New Order
2025-08-18 21:49:38 [main] INFO  o.s.o.j.LocalContainerEntityManagerFactoryBean - Closing JPA EntityManagerFactory for persistence unit 'default'
2025-08-18 21:49:38 [main] INFO  com.zaxxer.hikari.HikariDataSource - HikariPool-7 - Shutdown initiated...
2025-08-18 21:49:38 [main] INFO  com.zaxxer.hikari.HikariDataSource - HikariPool-7 - Shutdown completed.
2025-08-18 21:49:38 [main] INFO  o.s.b.d.r.RestartApplicationListener - Restart disabled due to context in which it is running
2025-08-18 21:49:38 [main] INFO  t.p.controller.OrderControllerTest - Starting OrderControllerTest using Java 17.0.11 with PID 15220 (started by Meli in C:\Users\Péter\IdeaProjects\Pizzeria)
2025-08-18 21:49:38 [main] INFO  t.p.controller.OrderControllerTest - The following 1 profile is active: "test"
2025-08-18 21:49:38 [main] INFO  o.s.d.r.c.RepositoryConfigurationDelegate - Bootstrapping Spring Data JPA repositories in DEFAULT mode.
2025-08-18 21:49:38 [main] INFO  o.s.d.r.c.RepositoryConfigurationDelegate - Finished Spring Data repository scanning in 19 ms. Found 6 JPA repository interfaces.
2025-08-18 21:49:38 [main] INFO  o.h.jpa.internal.util.LogHelper - HHH000204: Processing PersistenceUnitInfo [name: default]
2025-08-18 21:49:38 [main] INFO  o.h.c.i.RegionFactoryInitiator - HHH000026: Second-level cache disabled
2025-08-18 21:49:38 [main] INFO  o.s.o.j.p.SpringPersistenceUnitInfo - No LoadTimeWeaver setup: ignoring JPA class transformer
2025-08-18 21:49:38 [main] INFO  com.zaxxer.hikari.HikariDataSource - HikariPool-8 - Starting...
2025-08-18 21:49:39 [main] INFO  com.zaxxer.hikari.pool.HikariPool - HikariPool-8 - Added connection org.postgresql.jdbc.PgConnection@7c609e43
2025-08-18 21:49:39 [main] INFO  com.zaxxer.hikari.HikariDataSource - HikariPool-8 - Start completed.
2025-08-18 21:49:39 [main] INFO  o.hibernate.orm.connections.pooling - HHH10001005: Database info:
	Database JDBC URL [Connecting through datasource 'HikariDataSource (HikariPool-8)']
	Database driver: undefined/unknown
	Database version: 17.4
	Autocommit mode: undefined/unknown
	Isolation level: undefined/unknown
	Minimum pool size: undefined/unknown
	Maximum pool size: undefined/unknown
2025-08-18 21:49:39 [main] INFO  o.h.e.t.j.p.i.JtaPlatformInitiator - HHH000489: No JTA platform available (set 'hibernate.transaction.jta.platform' to enable JTA platform integration)
2025-08-18 21:49:39 [main] INFO  o.s.o.j.LocalContainerEntityManagerFactoryBean - Initialized JPA EntityManagerFactory for persistence unit 'default'
2025-08-18 21:49:39 [main] INFO  o.s.s.c.a.a.c.InitializeUserDetailsBeanManagerConfigurer$InitializeUserDetailsManagerConfigurer - Global AuthenticationManager configured with UserDetailsService bean with name customerService
2025-08-18 21:49:39 [main] WARN  o.s.b.a.o.j.JpaBaseConfiguration$JpaWebConfiguration - spring.jpa.open-in-view is enabled by default. Therefore, database queries may be performed during view rendering. Explicitly configure spring.jpa.open-in-view to disable this warning
2025-08-18 21:49:39 [main] WARN  o.s.b.a.t.ThymeleafAutoConfiguration$DefaultTemplateResolverConfiguration - Cannot find template location: classpath:/templates/ (please add some templates, check your Thymeleaf configuration, or set spring.thymeleaf.check-template-location=false)
2025-08-18 21:49:39 [main] INFO  o.s.b.t.m.w.SpringBootMockServletContext - Initializing Spring TestDispatcherServlet ''
2025-08-18 21:49:39 [main] INFO  o.s.t.w.s.TestDispatcherServlet - Initializing Servlet ''
2025-08-18 21:49:39 [main] INFO  o.s.t.w.s.TestDispatcherServlet - Completed initialization in 0 ms
2025-08-18 21:49:39 [main] INFO  t.p.controller.OrderControllerTest - Started OrderControllerTest in 0.805 seconds (process running for 17.056)
2025-08-18 21:49:39 [main] INFO  t.p.controller.OrderController - Delete Order By Id: 1
2025-08-18 21:49:39 [main] INFO  o.s.o.j.LocalContainerEntityManagerFactoryBean - Closing JPA EntityManagerFactory for persistence unit 'default'
2025-08-18 21:49:39 [main] INFO  com.zaxxer.hikari.HikariDataSource - HikariPool-8 - Shutdown initiated...
2025-08-18 21:49:39 [main] INFO  com.zaxxer.hikari.HikariDataSource - HikariPool-8 - Shutdown completed.
2025-08-18 21:49:39 [main] INFO  o.s.b.d.r.RestartApplicationListener - Restart disabled due to context in which it is running
2025-08-18 21:49:39 [main] INFO  t.p.controller.OrderControllerTest - Starting OrderControllerTest using Java 17.0.11 with PID 15220 (started by Meli in C:\Users\Péter\IdeaProjects\Pizzeria)
2025-08-18 21:49:39 [main] INFO  t.p.controller.OrderControllerTest - The following 1 profile is active: "test"
2025-08-18 21:49:39 [main] INFO  o.s.d.r.c.RepositoryConfigurationDelegate - Bootstrapping Spring Data JPA repositories in DEFAULT mode.
2025-08-18 21:49:39 [main] INFO  o.s.d.r.c.RepositoryConfigurationDelegate - Finished Spring Data repository scanning in 16 ms. Found 6 JPA repository interfaces.
2025-08-18 21:49:39 [main] INFO  o.h.jpa.internal.util.LogHelper - HHH000204: Processing PersistenceUnitInfo [name: default]
2025-08-18 21:49:39 [main] INFO  o.h.c.i.RegionFactoryInitiator - HHH000026: Second-level cache disabled
2025-08-18 21:49:39 [main] INFO  o.s.o.j.p.SpringPersistenceUnitInfo - No LoadTimeWeaver setup: ignoring JPA class transformer
2025-08-18 21:49:39 [main] INFO  com.zaxxer.hikari.HikariDataSource - HikariPool-9 - Starting...
2025-08-18 21:49:39 [main] INFO  com.zaxxer.hikari.pool.HikariPool - HikariPool-9 - Added connection org.postgresql.jdbc.PgConnection@6c2c46ca
2025-08-18 21:49:39 [main] INFO  com.zaxxer.hikari.HikariDataSource - HikariPool-9 - Start completed.
2025-08-18 21:49:39 [main] INFO  o.hibernate.orm.connections.pooling - HHH10001005: Database info:
	Database JDBC URL [Connecting through datasource 'HikariDataSource (HikariPool-9)']
	Database driver: undefined/unknown
	Database version: 17.4
	Autocommit mode: undefined/unknown
	Isolation level: undefined/unknown
	Minimum pool size: undefined/unknown
	Maximum pool size: undefined/unknown
2025-08-18 21:49:39 [main] INFO  o.h.e.t.j.p.i.JtaPlatformInitiator - HHH000489: No JTA platform available (set 'hibernate.transaction.jta.platform' to enable JTA platform integration)
2025-08-18 21:49:40 [main] INFO  o.s.o.j.LocalContainerEntityManagerFactoryBean - Initialized JPA EntityManagerFactory for persistence unit 'default'
2025-08-18 21:49:40 [main] INFO  o.s.s.c.a.a.c.InitializeUserDetailsBeanManagerConfigurer$InitializeUserDetailsManagerConfigurer - Global AuthenticationManager configured with UserDetailsService bean with name customerService
2025-08-18 21:49:40 [main] WARN  o.s.b.a.o.j.JpaBaseConfiguration$JpaWebConfiguration - spring.jpa.open-in-view is enabled by default. Therefore, database queries may be performed during view rendering. Explicitly configure spring.jpa.open-in-view to disable this warning
2025-08-18 21:49:40 [main] WARN  o.s.b.a.t.ThymeleafAutoConfiguration$DefaultTemplateResolverConfiguration - Cannot find template location: classpath:/templates/ (please add some templates, check your Thymeleaf configuration, or set spring.thymeleaf.check-template-location=false)
2025-08-18 21:49:40 [main] INFO  o.s.b.t.m.w.SpringBootMockServletContext - Initializing Spring TestDispatcherServlet ''
2025-08-18 21:49:40 [main] INFO  o.s.t.w.s.TestDispatcherServlet - Initializing Servlet ''
2025-08-18 21:49:40 [main] INFO  o.s.t.w.s.TestDispatcherServlet - Completed initialization in 1 ms
2025-08-18 21:49:40 [main] INFO  t.p.controller.OrderControllerTest - Started OrderControllerTest in 0.8 seconds (process running for 17.917)
2025-08-18 21:49:40 [main] INFO  t.p.controller.OrderController - Create New Order
2025-08-18 21:49:40 [main] INFO  t.pizzeria.service.CustomerService - Looking for customer with id: 1
2025-08-18 21:49:40 [main] INFO  o.s.o.j.LocalContainerEntityManagerFactoryBean - Closing JPA EntityManagerFactory for persistence unit 'default'
2025-08-18 21:49:40 [main] INFO  com.zaxxer.hikari.HikariDataSource - HikariPool-9 - Shutdown initiated...
2025-08-18 21:49:40 [main] INFO  com.zaxxer.hikari.HikariDataSource - HikariPool-9 - Shutdown completed.
