2025-08-19 10:38:32 [background-preinit] INFO  o.h.validator.internal.util.Version - HV000001: Hibernate Validator 8.0.2.Final
2025-08-19 10:38:32 [main] INFO  t.p.controller.ReviewControllerTest - Starting ReviewControllerTest using Java 17.0.11 with PID 12780 (started by Meli in C:\Users\Péter\IdeaProjects\Pizzeria)
2025-08-19 10:38:32 [main] INFO  t.p.controller.ReviewControllerTest - No active profile set, falling back to 1 default profile: "default"
2025-08-19 10:38:33 [main] INFO  o.s.d.r.c.RepositoryConfigurationDelegate - Bootstrapping Spring Data JPA repositories in DEFAULT mode.
2025-08-19 10:38:33 [main] INFO  o.s.d.r.c.RepositoryConfigurationDelegate - Finished Spring Data repository scanning in 86 ms. Found 6 JPA repository interfaces.
2025-08-19 10:38:34 [main] INFO  o.h.jpa.internal.util.LogHelper - HHH000204: Processing PersistenceUnitInfo [name: default]
2025-08-19 10:38:34 [main] INFO  org.hibernate.Version - HHH000412: Hibernate ORM core version 6.6.4.Final
2025-08-19 10:38:34 [main] INFO  o.h.c.i.RegionFactoryInitiator - HHH000026: Second-level cache disabled
2025-08-19 10:38:34 [main] INFO  o.s.o.j.p.SpringPersistenceUnitInfo - No LoadTimeWeaver setup: ignoring JPA class transformer
2025-08-19 10:38:34 [main] INFO  com.zaxxer.hikari.HikariDataSource - HikariPool-1 - Starting...
2025-08-19 10:38:35 [main] INFO  com.zaxxer.hikari.pool.HikariPool - HikariPool-1 - Added connection org.postgresql.jdbc.PgConnection@ab2009f
2025-08-19 10:38:35 [main] INFO  com.zaxxer.hikari.HikariDataSource - HikariPool-1 - Start completed.
2025-08-19 10:38:35 [main] INFO  o.hibernate.orm.connections.pooling - HHH10001005: Database info:
	Database JDBC URL [Connecting through datasource 'HikariDataSource (HikariPool-1)']
	Database driver: undefined/unknown
	Database version: 17.4
	Autocommit mode: undefined/unknown
	Isolation level: undefined/unknown
	Minimum pool size: undefined/unknown
	Maximum pool size: undefined/unknown
2025-08-19 10:38:36 [main] INFO  o.h.e.t.j.p.i.JtaPlatformInitiator - HHH000489: No JTA platform available (set 'hibernate.transaction.jta.platform' to enable JTA platform integration)
2025-08-19 10:38:36 [main] INFO  o.s.o.j.LocalContainerEntityManagerFactoryBean - Initialized JPA EntityManagerFactory for persistence unit 'default'
2025-08-19 10:38:37 [main] INFO  o.s.d.j.r.query.QueryEnhancerFactory - Hibernate is in classpath; If applicable, HQL parser will be used.
2025-08-19 10:38:37 [main] INFO  o.s.s.c.a.a.c.InitializeUserDetailsBeanManagerConfigurer$InitializeUserDetailsManagerConfigurer - Global AuthenticationManager configured with UserDetailsService bean with name customerService
2025-08-19 10:38:38 [main] WARN  o.s.b.a.o.j.JpaBaseConfiguration$JpaWebConfiguration - spring.jpa.open-in-view is enabled by default. Therefore, database queries may be performed during view rendering. Explicitly configure spring.jpa.open-in-view to disable this warning
2025-08-19 10:38:38 [main] WARN  o.s.b.a.t.ThymeleafAutoConfiguration$DefaultTemplateResolverConfiguration - Cannot find template location: classpath:/templates/ (please add some templates, check your Thymeleaf configuration, or set spring.thymeleaf.check-template-location=false)
2025-08-19 10:38:39 [main] INFO  o.s.b.t.m.w.SpringBootMockServletContext - Initializing Spring TestDispatcherServlet ''
2025-08-19 10:38:39 [main] INFO  o.s.t.w.s.TestDispatcherServlet - Initializing Servlet ''
2025-08-19 10:38:39 [main] INFO  o.s.t.w.s.TestDispatcherServlet - Completed initialization in 1 ms
2025-08-19 10:38:39 [main] INFO  t.p.controller.ReviewControllerTest - Started ReviewControllerTest in 7.515 seconds (process running for 9.523)
2025-08-19 10:38:39 [main] INFO  t.p.controller.ReviewController - Delete Review With Id: 1
2025-08-19 10:38:39 [main] INFO  o.s.o.j.LocalContainerEntityManagerFactoryBean - Closing JPA EntityManagerFactory for persistence unit 'default'
2025-08-19 10:38:39 [main] INFO  com.zaxxer.hikari.HikariDataSource - HikariPool-1 - Shutdown initiated...
2025-08-19 10:38:39 [main] INFO  com.zaxxer.hikari.HikariDataSource - HikariPool-1 - Shutdown completed.
2025-08-19 10:38:39 [main] INFO  o.s.b.d.r.RestartApplicationListener - Restart disabled due to context in which it is running
2025-08-19 10:38:39 [main] INFO  t.p.controller.ReviewControllerTest - Starting ReviewControllerTest using Java 17.0.11 with PID 12780 (started by Meli in C:\Users\Péter\IdeaProjects\Pizzeria)
2025-08-19 10:38:39 [main] INFO  t.p.controller.ReviewControllerTest - No active profile set, falling back to 1 default profile: "default"
2025-08-19 10:38:40 [main] INFO  o.s.d.r.c.RepositoryConfigurationDelegate - Bootstrapping Spring Data JPA repositories in DEFAULT mode.
2025-08-19 10:38:40 [main] INFO  o.s.d.r.c.RepositoryConfigurationDelegate - Finished Spring Data repository scanning in 19 ms. Found 6 JPA repository interfaces.
2025-08-19 10:38:40 [main] INFO  o.h.jpa.internal.util.LogHelper - HHH000204: Processing PersistenceUnitInfo [name: default]
2025-08-19 10:38:40 [main] INFO  o.h.c.i.RegionFactoryInitiator - HHH000026: Second-level cache disabled
2025-08-19 10:38:40 [main] INFO  o.s.o.j.p.SpringPersistenceUnitInfo - No LoadTimeWeaver setup: ignoring JPA class transformer
2025-08-19 10:38:40 [main] INFO  com.zaxxer.hikari.HikariDataSource - HikariPool-2 - Starting...
2025-08-19 10:38:40 [main] INFO  com.zaxxer.hikari.pool.HikariPool - HikariPool-2 - Added connection org.postgresql.jdbc.PgConnection@7abdfd36
2025-08-19 10:38:40 [main] INFO  com.zaxxer.hikari.HikariDataSource - HikariPool-2 - Start completed.
2025-08-19 10:38:40 [main] INFO  o.hibernate.orm.connections.pooling - HHH10001005: Database info:
	Database JDBC URL [Connecting through datasource 'HikariDataSource (HikariPool-2)']
	Database driver: undefined/unknown
	Database version: 17.4
	Autocommit mode: undefined/unknown
	Isolation level: undefined/unknown
	Minimum pool size: undefined/unknown
	Maximum pool size: undefined/unknown
2025-08-19 10:38:40 [main] INFO  o.h.e.t.j.p.i.JtaPlatformInitiator - HHH000489: No JTA platform available (set 'hibernate.transaction.jta.platform' to enable JTA platform integration)
2025-08-19 10:38:40 [main] INFO  o.s.o.j.LocalContainerEntityManagerFactoryBean - Initialized JPA EntityManagerFactory for persistence unit 'default'
2025-08-19 10:38:40 [main] INFO  o.s.s.c.a.a.c.InitializeUserDetailsBeanManagerConfigurer$InitializeUserDetailsManagerConfigurer - Global AuthenticationManager configured with UserDetailsService bean with name customerService
2025-08-19 10:38:40 [main] WARN  o.s.b.a.o.j.JpaBaseConfiguration$JpaWebConfiguration - spring.jpa.open-in-view is enabled by default. Therefore, database queries may be performed during view rendering. Explicitly configure spring.jpa.open-in-view to disable this warning
2025-08-19 10:38:41 [main] WARN  o.s.b.a.t.ThymeleafAutoConfiguration$DefaultTemplateResolverConfiguration - Cannot find template location: classpath:/templates/ (please add some templates, check your Thymeleaf configuration, or set spring.thymeleaf.check-template-location=false)
2025-08-19 10:38:41 [main] INFO  o.s.b.t.m.w.SpringBootMockServletContext - Initializing Spring TestDispatcherServlet ''
2025-08-19 10:38:41 [main] INFO  o.s.t.w.s.TestDispatcherServlet - Initializing Servlet ''
2025-08-19 10:38:41 [main] INFO  o.s.t.w.s.TestDispatcherServlet - Completed initialization in 1 ms
2025-08-19 10:38:41 [main] INFO  t.p.controller.ReviewControllerTest - Started ReviewControllerTest in 1.214 seconds (process running for 11.545)
2025-08-19 10:38:41 [main] INFO  t.p.controller.ReviewController - Get reviews By Timestamp
2025-08-19 10:38:41 [main] INFO  o.s.o.j.LocalContainerEntityManagerFactoryBean - Closing JPA EntityManagerFactory for persistence unit 'default'
2025-08-19 10:38:41 [main] INFO  com.zaxxer.hikari.HikariDataSource - HikariPool-2 - Shutdown initiated...
2025-08-19 10:38:41 [main] INFO  com.zaxxer.hikari.HikariDataSource - HikariPool-2 - Shutdown completed.
2025-08-19 10:38:41 [main] INFO  o.s.b.d.r.RestartApplicationListener - Restart disabled due to context in which it is running
2025-08-19 10:38:41 [main] INFO  t.p.controller.ReviewControllerTest - Starting ReviewControllerTest using Java 17.0.11 with PID 12780 (started by Meli in C:\Users\Péter\IdeaProjects\Pizzeria)
2025-08-19 10:38:41 [main] INFO  t.p.controller.ReviewControllerTest - No active profile set, falling back to 1 default profile: "default"
2025-08-19 10:38:41 [main] INFO  o.s.d.r.c.RepositoryConfigurationDelegate - Bootstrapping Spring Data JPA repositories in DEFAULT mode.
2025-08-19 10:38:41 [main] INFO  o.s.d.r.c.RepositoryConfigurationDelegate - Finished Spring Data repository scanning in 37 ms. Found 6 JPA repository interfaces.
2025-08-19 10:38:41 [main] INFO  o.h.jpa.internal.util.LogHelper - HHH000204: Processing PersistenceUnitInfo [name: default]
2025-08-19 10:38:41 [main] INFO  o.h.c.i.RegionFactoryInitiator - HHH000026: Second-level cache disabled
2025-08-19 10:38:41 [main] INFO  o.s.o.j.p.SpringPersistenceUnitInfo - No LoadTimeWeaver setup: ignoring JPA class transformer
2025-08-19 10:38:41 [main] INFO  com.zaxxer.hikari.HikariDataSource - HikariPool-3 - Starting...
2025-08-19 10:38:41 [main] INFO  com.zaxxer.hikari.pool.HikariPool - HikariPool-3 - Added connection org.postgresql.jdbc.PgConnection@62b7a9e8
2025-08-19 10:38:41 [main] INFO  com.zaxxer.hikari.HikariDataSource - HikariPool-3 - Start completed.
2025-08-19 10:38:41 [main] INFO  o.hibernate.orm.connections.pooling - HHH10001005: Database info:
	Database JDBC URL [Connecting through datasource 'HikariDataSource (HikariPool-3)']
	Database driver: undefined/unknown
	Database version: 17.4
	Autocommit mode: undefined/unknown
	Isolation level: undefined/unknown
	Minimum pool size: undefined/unknown
	Maximum pool size: undefined/unknown
2025-08-19 10:38:42 [main] INFO  o.h.e.t.j.p.i.JtaPlatformInitiator - HHH000489: No JTA platform available (set 'hibernate.transaction.jta.platform' to enable JTA platform integration)
2025-08-19 10:38:42 [main] INFO  o.s.o.j.LocalContainerEntityManagerFactoryBean - Initialized JPA EntityManagerFactory for persistence unit 'default'
2025-08-19 10:38:42 [main] INFO  o.s.s.c.a.a.c.InitializeUserDetailsBeanManagerConfigurer$InitializeUserDetailsManagerConfigurer - Global AuthenticationManager configured with UserDetailsService bean with name customerService
2025-08-19 10:38:42 [main] WARN  o.s.b.a.o.j.JpaBaseConfiguration$JpaWebConfiguration - spring.jpa.open-in-view is enabled by default. Therefore, database queries may be performed during view rendering. Explicitly configure spring.jpa.open-in-view to disable this warning
2025-08-19 10:38:42 [main] WARN  o.s.b.a.t.ThymeleafAutoConfiguration$DefaultTemplateResolverConfiguration - Cannot find template location: classpath:/templates/ (please add some templates, check your Thymeleaf configuration, or set spring.thymeleaf.check-template-location=false)
2025-08-19 10:38:42 [main] INFO  o.s.b.t.m.w.SpringBootMockServletContext - Initializing Spring TestDispatcherServlet ''
2025-08-19 10:38:42 [main] INFO  o.s.t.w.s.TestDispatcherServlet - Initializing Servlet ''
2025-08-19 10:38:42 [main] INFO  o.s.t.w.s.TestDispatcherServlet - Completed initialization in 1 ms
2025-08-19 10:38:42 [main] INFO  t.p.controller.ReviewControllerTest - Started ReviewControllerTest in 1.191 seconds (process running for 12.896)
2025-08-19 10:38:42 [main] INFO  t.p.controller.ReviewController - Create New Review
2025-08-19 10:38:42 [main] INFO  o.s.o.j.LocalContainerEntityManagerFactoryBean - Closing JPA EntityManagerFactory for persistence unit 'default'
2025-08-19 10:38:42 [main] INFO  com.zaxxer.hikari.HikariDataSource - HikariPool-3 - Shutdown initiated...
2025-08-19 10:38:42 [main] INFO  com.zaxxer.hikari.HikariDataSource - HikariPool-3 - Shutdown completed.
2025-08-19 10:38:42 [main] INFO  o.s.b.d.r.RestartApplicationListener - Restart disabled due to context in which it is running
2025-08-19 10:38:42 [main] INFO  t.p.controller.ReviewControllerTest - Starting ReviewControllerTest using Java 17.0.11 with PID 12780 (started by Meli in C:\Users\Péter\IdeaProjects\Pizzeria)
2025-08-19 10:38:42 [main] INFO  t.p.controller.ReviewControllerTest - No active profile set, falling back to 1 default profile: "default"
2025-08-19 10:38:42 [main] INFO  o.s.d.r.c.RepositoryConfigurationDelegate - Bootstrapping Spring Data JPA repositories in DEFAULT mode.
2025-08-19 10:38:42 [main] INFO  o.s.d.r.c.RepositoryConfigurationDelegate - Finished Spring Data repository scanning in 22 ms. Found 6 JPA repository interfaces.
2025-08-19 10:38:43 [main] INFO  o.h.jpa.internal.util.LogHelper - HHH000204: Processing PersistenceUnitInfo [name: default]
2025-08-19 10:38:43 [main] INFO  o.h.c.i.RegionFactoryInitiator - HHH000026: Second-level cache disabled
2025-08-19 10:38:43 [main] INFO  o.s.o.j.p.SpringPersistenceUnitInfo - No LoadTimeWeaver setup: ignoring JPA class transformer
2025-08-19 10:38:43 [main] INFO  com.zaxxer.hikari.HikariDataSource - HikariPool-4 - Starting...
2025-08-19 10:38:43 [main] INFO  com.zaxxer.hikari.pool.HikariPool - HikariPool-4 - Added connection org.postgresql.jdbc.PgConnection@285289cd
2025-08-19 10:38:43 [main] INFO  com.zaxxer.hikari.HikariDataSource - HikariPool-4 - Start completed.
2025-08-19 10:38:43 [main] INFO  o.hibernate.orm.connections.pooling - HHH10001005: Database info:
	Database JDBC URL [Connecting through datasource 'HikariDataSource (HikariPool-4)']
	Database driver: undefined/unknown
	Database version: 17.4
	Autocommit mode: undefined/unknown
	Isolation level: undefined/unknown
	Minimum pool size: undefined/unknown
	Maximum pool size: undefined/unknown
2025-08-19 10:38:43 [main] INFO  o.h.e.t.j.p.i.JtaPlatformInitiator - HHH000489: No JTA platform available (set 'hibernate.transaction.jta.platform' to enable JTA platform integration)
2025-08-19 10:38:43 [main] INFO  o.s.o.j.LocalContainerEntityManagerFactoryBean - Initialized JPA EntityManagerFactory for persistence unit 'default'
2025-08-19 10:38:43 [main] INFO  o.s.s.c.a.a.c.InitializeUserDetailsBeanManagerConfigurer$InitializeUserDetailsManagerConfigurer - Global AuthenticationManager configured with UserDetailsService bean with name customerService
2025-08-19 10:38:43 [main] WARN  o.s.b.a.o.j.JpaBaseConfiguration$JpaWebConfiguration - spring.jpa.open-in-view is enabled by default. Therefore, database queries may be performed during view rendering. Explicitly configure spring.jpa.open-in-view to disable this warning
2025-08-19 10:38:43 [main] WARN  o.s.b.a.t.ThymeleafAutoConfiguration$DefaultTemplateResolverConfiguration - Cannot find template location: classpath:/templates/ (please add some templates, check your Thymeleaf configuration, or set spring.thymeleaf.check-template-location=false)
2025-08-19 10:38:43 [main] INFO  o.s.b.t.m.w.SpringBootMockServletContext - Initializing Spring TestDispatcherServlet ''
2025-08-19 10:38:43 [main] INFO  o.s.t.w.s.TestDispatcherServlet - Initializing Servlet ''
2025-08-19 10:38:43 [main] INFO  o.s.t.w.s.TestDispatcherServlet - Completed initialization in 1 ms
2025-08-19 10:38:43 [main] INFO  t.p.controller.ReviewControllerTest - Started ReviewControllerTest in 1.166 seconds (process running for 14.257)
2025-08-19 10:38:43 [main] INFO  t.p.controller.ReviewController - Delete Review With Id: 3
2025-08-19 10:38:43 [main] INFO  o.s.o.j.LocalContainerEntityManagerFactoryBean - Closing JPA EntityManagerFactory for persistence unit 'default'
2025-08-19 10:38:43 [main] INFO  com.zaxxer.hikari.HikariDataSource - HikariPool-4 - Shutdown initiated...
2025-08-19 10:38:43 [main] INFO  com.zaxxer.hikari.HikariDataSource - HikariPool-4 - Shutdown completed.
2025-08-19 10:38:43 [main] INFO  o.s.b.d.r.RestartApplicationListener - Restart disabled due to context in which it is running
2025-08-19 10:38:44 [main] INFO  t.p.controller.ReviewControllerTest - Starting ReviewControllerTest using Java 17.0.11 with PID 12780 (started by Meli in C:\Users\Péter\IdeaProjects\Pizzeria)
2025-08-19 10:38:44 [main] INFO  t.p.controller.ReviewControllerTest - No active profile set, falling back to 1 default profile: "default"
2025-08-19 10:38:44 [main] INFO  o.s.d.r.c.RepositoryConfigurationDelegate - Bootstrapping Spring Data JPA repositories in DEFAULT mode.
2025-08-19 10:38:44 [main] INFO  o.s.d.r.c.RepositoryConfigurationDelegate - Finished Spring Data repository scanning in 16 ms. Found 6 JPA repository interfaces.
2025-08-19 10:38:44 [main] INFO  o.h.jpa.internal.util.LogHelper - HHH000204: Processing PersistenceUnitInfo [name: default]
2025-08-19 10:38:44 [main] INFO  o.h.c.i.RegionFactoryInitiator - HHH000026: Second-level cache disabled
2025-08-19 10:38:44 [main] INFO  o.s.o.j.p.SpringPersistenceUnitInfo - No LoadTimeWeaver setup: ignoring JPA class transformer
2025-08-19 10:38:44 [main] INFO  com.zaxxer.hikari.HikariDataSource - HikariPool-5 - Starting...
2025-08-19 10:38:44 [main] INFO  com.zaxxer.hikari.pool.HikariPool - HikariPool-5 - Added connection org.postgresql.jdbc.PgConnection@38e8488f
2025-08-19 10:38:44 [main] INFO  com.zaxxer.hikari.HikariDataSource - HikariPool-5 - Start completed.
2025-08-19 10:38:44 [main] INFO  o.hibernate.orm.connections.pooling - HHH10001005: Database info:
	Database JDBC URL [Connecting through datasource 'HikariDataSource (HikariPool-5)']
	Database driver: undefined/unknown
	Database version: 17.4
	Autocommit mode: undefined/unknown
	Isolation level: undefined/unknown
	Minimum pool size: undefined/unknown
	Maximum pool size: undefined/unknown
2025-08-19 10:38:44 [main] INFO  o.h.e.t.j.p.i.JtaPlatformInitiator - HHH000489: No JTA platform available (set 'hibernate.transaction.jta.platform' to enable JTA platform integration)
2025-08-19 10:38:44 [main] INFO  o.s.o.j.LocalContainerEntityManagerFactoryBean - Initialized JPA EntityManagerFactory for persistence unit 'default'
2025-08-19 10:38:44 [main] INFO  o.s.s.c.a.a.c.InitializeUserDetailsBeanManagerConfigurer$InitializeUserDetailsManagerConfigurer - Global AuthenticationManager configured with UserDetailsService bean with name customerService
2025-08-19 10:38:44 [main] WARN  o.s.b.a.o.j.JpaBaseConfiguration$JpaWebConfiguration - spring.jpa.open-in-view is enabled by default. Therefore, database queries may be performed during view rendering. Explicitly configure spring.jpa.open-in-view to disable this warning
2025-08-19 10:38:44 [main] WARN  o.s.b.a.t.ThymeleafAutoConfiguration$DefaultTemplateResolverConfiguration - Cannot find template location: classpath:/templates/ (please add some templates, check your Thymeleaf configuration, or set spring.thymeleaf.check-template-location=false)
2025-08-19 10:38:44 [main] INFO  o.s.b.t.m.w.SpringBootMockServletContext - Initializing Spring TestDispatcherServlet ''
2025-08-19 10:38:44 [main] INFO  o.s.t.w.s.TestDispatcherServlet - Initializing Servlet ''
2025-08-19 10:38:44 [main] INFO  o.s.t.w.s.TestDispatcherServlet - Completed initialization in 3 ms
2025-08-19 10:38:44 [main] INFO  t.p.controller.ReviewControllerTest - Started ReviewControllerTest in 0.99 seconds (process running for 15.377)
2025-08-19 10:38:45 [main] INFO  t.p.controller.ReviewController - Create New Review
2025-08-19 10:38:45 [main] INFO  o.s.o.j.LocalContainerEntityManagerFactoryBean - Closing JPA EntityManagerFactory for persistence unit 'default'
2025-08-19 10:38:45 [main] INFO  com.zaxxer.hikari.HikariDataSource - HikariPool-5 - Shutdown initiated...
2025-08-19 10:38:45 [main] INFO  com.zaxxer.hikari.HikariDataSource - HikariPool-5 - Shutdown completed.
2025-08-19 10:38:45 [main] INFO  o.s.b.d.r.RestartApplicationListener - Restart disabled due to context in which it is running
2025-08-19 10:38:45 [main] INFO  t.p.controller.ReviewControllerTest - Starting ReviewControllerTest using Java 17.0.11 with PID 12780 (started by Meli in C:\Users\Péter\IdeaProjects\Pizzeria)
2025-08-19 10:38:45 [main] INFO  t.p.controller.ReviewControllerTest - No active profile set, falling back to 1 default profile: "default"
2025-08-19 10:38:45 [main] INFO  o.s.d.r.c.RepositoryConfigurationDelegate - Bootstrapping Spring Data JPA repositories in DEFAULT mode.
2025-08-19 10:38:45 [main] INFO  o.s.d.r.c.RepositoryConfigurationDelegate - Finished Spring Data repository scanning in 15 ms. Found 6 JPA repository interfaces.
2025-08-19 10:38:45 [main] INFO  o.h.jpa.internal.util.LogHelper - HHH000204: Processing PersistenceUnitInfo [name: default]
2025-08-19 10:38:45 [main] INFO  o.h.c.i.RegionFactoryInitiator - HHH000026: Second-level cache disabled
2025-08-19 10:38:45 [main] INFO  o.s.o.j.p.SpringPersistenceUnitInfo - No LoadTimeWeaver setup: ignoring JPA class transformer
2025-08-19 10:38:45 [main] INFO  com.zaxxer.hikari.HikariDataSource - HikariPool-6 - Starting...
2025-08-19 10:38:45 [main] INFO  com.zaxxer.hikari.pool.HikariPool - HikariPool-6 - Added connection org.postgresql.jdbc.PgConnection@1cf6971b
2025-08-19 10:38:45 [main] INFO  com.zaxxer.hikari.HikariDataSource - HikariPool-6 - Start completed.
2025-08-19 10:38:45 [main] INFO  o.hibernate.orm.connections.pooling - HHH10001005: Database info:
	Database JDBC URL [Connecting through datasource 'HikariDataSource (HikariPool-6)']
	Database driver: undefined/unknown
	Database version: 17.4
	Autocommit mode: undefined/unknown
	Isolation level: undefined/unknown
	Minimum pool size: undefined/unknown
	Maximum pool size: undefined/unknown
2025-08-19 10:38:45 [main] INFO  o.h.e.t.j.p.i.JtaPlatformInitiator - HHH000489: No JTA platform available (set 'hibernate.transaction.jta.platform' to enable JTA platform integration)
2025-08-19 10:38:45 [main] INFO  o.s.o.j.LocalContainerEntityManagerFactoryBean - Initialized JPA EntityManagerFactory for persistence unit 'default'
2025-08-19 10:38:45 [main] INFO  o.s.s.c.a.a.c.InitializeUserDetailsBeanManagerConfigurer$InitializeUserDetailsManagerConfigurer - Global AuthenticationManager configured with UserDetailsService bean with name customerService
2025-08-19 10:38:45 [main] WARN  o.s.b.a.o.j.JpaBaseConfiguration$JpaWebConfiguration - spring.jpa.open-in-view is enabled by default. Therefore, database queries may be performed during view rendering. Explicitly configure spring.jpa.open-in-view to disable this warning
2025-08-19 10:38:46 [main] WARN  o.s.b.a.t.ThymeleafAutoConfiguration$DefaultTemplateResolverConfiguration - Cannot find template location: classpath:/templates/ (please add some templates, check your Thymeleaf configuration, or set spring.thymeleaf.check-template-location=false)
2025-08-19 10:38:46 [main] INFO  o.s.b.t.m.w.SpringBootMockServletContext - Initializing Spring TestDispatcherServlet ''
2025-08-19 10:38:46 [main] INFO  o.s.t.w.s.TestDispatcherServlet - Initializing Servlet ''
2025-08-19 10:38:46 [main] INFO  o.s.t.w.s.TestDispatcherServlet - Completed initialization in 1 ms
2025-08-19 10:38:46 [main] INFO  t.p.controller.ReviewControllerTest - Started ReviewControllerTest in 0.825 seconds (process running for 16.459)
2025-08-19 10:38:46 [main] INFO  t.p.controller.ReviewController - Get Reviews: NO
2025-08-19 10:38:46 [main] INFO  o.s.o.j.LocalContainerEntityManagerFactoryBean - Closing JPA EntityManagerFactory for persistence unit 'default'
2025-08-19 10:38:46 [main] INFO  com.zaxxer.hikari.HikariDataSource - HikariPool-6 - Shutdown initiated...
2025-08-19 10:38:46 [main] INFO  com.zaxxer.hikari.HikariDataSource - HikariPool-6 - Shutdown completed.
2025-08-19 10:38:46 [main] INFO  o.s.b.d.r.RestartApplicationListener - Restart disabled due to context in which it is running
2025-08-19 10:38:46 [main] INFO  t.p.controller.ReviewControllerTest - Starting ReviewControllerTest using Java 17.0.11 with PID 12780 (started by Meli in C:\Users\Péter\IdeaProjects\Pizzeria)
2025-08-19 10:38:46 [main] INFO  t.p.controller.ReviewControllerTest - No active profile set, falling back to 1 default profile: "default"
2025-08-19 10:38:46 [main] INFO  o.s.d.r.c.RepositoryConfigurationDelegate - Bootstrapping Spring Data JPA repositories in DEFAULT mode.
2025-08-19 10:38:46 [main] INFO  o.s.d.r.c.RepositoryConfigurationDelegate - Finished Spring Data repository scanning in 16 ms. Found 6 JPA repository interfaces.
2025-08-19 10:38:46 [main] INFO  o.h.jpa.internal.util.LogHelper - HHH000204: Processing PersistenceUnitInfo [name: default]
2025-08-19 10:38:46 [main] INFO  o.h.c.i.RegionFactoryInitiator - HHH000026: Second-level cache disabled
2025-08-19 10:38:46 [main] INFO  o.s.o.j.p.SpringPersistenceUnitInfo - No LoadTimeWeaver setup: ignoring JPA class transformer
2025-08-19 10:38:46 [main] INFO  com.zaxxer.hikari.HikariDataSource - HikariPool-7 - Starting...
2025-08-19 10:38:46 [main] INFO  com.zaxxer.hikari.pool.HikariPool - HikariPool-7 - Added connection org.postgresql.jdbc.PgConnection@25c42395
2025-08-19 10:38:46 [main] INFO  com.zaxxer.hikari.HikariDataSource - HikariPool-7 - Start completed.
2025-08-19 10:38:46 [main] INFO  o.hibernate.orm.connections.pooling - HHH10001005: Database info:
	Database JDBC URL [Connecting through datasource 'HikariDataSource (HikariPool-7)']
	Database driver: undefined/unknown
	Database version: 17.4
	Autocommit mode: undefined/unknown
	Isolation level: undefined/unknown
	Minimum pool size: undefined/unknown
	Maximum pool size: undefined/unknown
2025-08-19 10:38:46 [main] INFO  o.h.e.t.j.p.i.JtaPlatformInitiator - HHH000489: No JTA platform available (set 'hibernate.transaction.jta.platform' to enable JTA platform integration)
2025-08-19 10:38:46 [main] INFO  o.s.o.j.LocalContainerEntityManagerFactoryBean - Initialized JPA EntityManagerFactory for persistence unit 'default'
2025-08-19 10:38:46 [main] INFO  o.s.s.c.a.a.c.InitializeUserDetailsBeanManagerConfigurer$InitializeUserDetailsManagerConfigurer - Global AuthenticationManager configured with UserDetailsService bean with name customerService
2025-08-19 10:38:46 [main] WARN  o.s.b.a.o.j.JpaBaseConfiguration$JpaWebConfiguration - spring.jpa.open-in-view is enabled by default. Therefore, database queries may be performed during view rendering. Explicitly configure spring.jpa.open-in-view to disable this warning
2025-08-19 10:38:46 [main] WARN  o.s.b.a.t.ThymeleafAutoConfiguration$DefaultTemplateResolverConfiguration - Cannot find template location: classpath:/templates/ (please add some templates, check your Thymeleaf configuration, or set spring.thymeleaf.check-template-location=false)
2025-08-19 10:38:47 [main] INFO  o.s.b.t.m.w.SpringBootMockServletContext - Initializing Spring TestDispatcherServlet ''
2025-08-19 10:38:47 [main] INFO  o.s.t.w.s.TestDispatcherServlet - Initializing Servlet ''
2025-08-19 10:38:47 [main] INFO  o.s.t.w.s.TestDispatcherServlet - Completed initialization in 1 ms
2025-08-19 10:38:47 [main] INFO  t.p.controller.ReviewControllerTest - Started ReviewControllerTest in 0.888 seconds (process running for 17.424)
2025-08-19 10:38:47 [main] INFO  t.p.controller.ReviewController - Get Reviews: YES
2025-08-19 10:38:47 [main] INFO  o.s.o.j.LocalContainerEntityManagerFactoryBean - Closing JPA EntityManagerFactory for persistence unit 'default'
2025-08-19 10:38:47 [main] INFO  com.zaxxer.hikari.HikariDataSource - HikariPool-7 - Shutdown initiated...
2025-08-19 10:38:47 [main] INFO  com.zaxxer.hikari.HikariDataSource - HikariPool-7 - Shutdown completed.
2025-08-19 10:38:47 [main] INFO  o.s.b.d.r.RestartApplicationListener - Restart disabled due to context in which it is running
2025-08-19 10:38:47 [main] INFO  t.p.controller.ReviewControllerTest - Starting ReviewControllerTest using Java 17.0.11 with PID 12780 (started by Meli in C:\Users\Péter\IdeaProjects\Pizzeria)
2025-08-19 10:38:47 [main] INFO  t.p.controller.ReviewControllerTest - No active profile set, falling back to 1 default profile: "default"
2025-08-19 10:38:47 [main] INFO  o.s.d.r.c.RepositoryConfigurationDelegate - Bootstrapping Spring Data JPA repositories in DEFAULT mode.
2025-08-19 10:38:47 [main] INFO  o.s.d.r.c.RepositoryConfigurationDelegate - Finished Spring Data repository scanning in 16 ms. Found 6 JPA repository interfaces.
2025-08-19 10:38:47 [main] INFO  o.h.jpa.internal.util.LogHelper - HHH000204: Processing PersistenceUnitInfo [name: default]
2025-08-19 10:38:47 [main] INFO  o.h.c.i.RegionFactoryInitiator - HHH000026: Second-level cache disabled
2025-08-19 10:38:47 [main] INFO  o.s.o.j.p.SpringPersistenceUnitInfo - No LoadTimeWeaver setup: ignoring JPA class transformer
2025-08-19 10:38:47 [main] INFO  com.zaxxer.hikari.HikariDataSource - HikariPool-8 - Starting...
2025-08-19 10:38:47 [main] INFO  com.zaxxer.hikari.pool.HikariPool - HikariPool-8 - Added connection org.postgresql.jdbc.PgConnection@1b51db3b
2025-08-19 10:38:47 [main] INFO  com.zaxxer.hikari.HikariDataSource - HikariPool-8 - Start completed.
2025-08-19 10:38:47 [main] INFO  o.hibernate.orm.connections.pooling - HHH10001005: Database info:
	Database JDBC URL [Connecting through datasource 'HikariDataSource (HikariPool-8)']
	Database driver: undefined/unknown
	Database version: 17.4
	Autocommit mode: undefined/unknown
	Isolation level: undefined/unknown
	Minimum pool size: undefined/unknown
	Maximum pool size: undefined/unknown
2025-08-19 10:38:47 [main] INFO  o.h.e.t.j.p.i.JtaPlatformInitiator - HHH000489: No JTA platform available (set 'hibernate.transaction.jta.platform' to enable JTA platform integration)
2025-08-19 10:38:47 [main] INFO  o.s.o.j.LocalContainerEntityManagerFactoryBean - Initialized JPA EntityManagerFactory for persistence unit 'default'
2025-08-19 10:38:48 [main] INFO  o.s.s.c.a.a.c.InitializeUserDetailsBeanManagerConfigurer$InitializeUserDetailsManagerConfigurer - Global AuthenticationManager configured with UserDetailsService bean with name customerService
2025-08-19 10:38:48 [main] WARN  o.s.b.a.o.j.JpaBaseConfiguration$JpaWebConfiguration - spring.jpa.open-in-view is enabled by default. Therefore, database queries may be performed during view rendering. Explicitly configure spring.jpa.open-in-view to disable this warning
2025-08-19 10:38:48 [main] WARN  o.s.b.a.t.ThymeleafAutoConfiguration$DefaultTemplateResolverConfiguration - Cannot find template location: classpath:/templates/ (please add some templates, check your Thymeleaf configuration, or set spring.thymeleaf.check-template-location=false)
2025-08-19 10:38:48 [main] INFO  o.s.b.t.m.w.SpringBootMockServletContext - Initializing Spring TestDispatcherServlet ''
2025-08-19 10:38:48 [main] INFO  o.s.t.w.s.TestDispatcherServlet - Initializing Servlet ''
2025-08-19 10:38:48 [main] INFO  o.s.t.w.s.TestDispatcherServlet - Completed initialization in 1 ms
2025-08-19 10:38:48 [main] INFO  t.p.controller.ReviewControllerTest - Started ReviewControllerTest in 1.112 seconds (process running for 18.62)
2025-08-19 10:38:48 [main] INFO  o.s.o.j.LocalContainerEntityManagerFactoryBean - Closing JPA EntityManagerFactory for persistence unit 'default'
2025-08-19 10:38:48 [main] INFO  com.zaxxer.hikari.HikariDataSource - HikariPool-8 - Shutdown initiated...
2025-08-19 10:38:48 [main] INFO  com.zaxxer.hikari.HikariDataSource - HikariPool-8 - Shutdown completed.
