2025-09-30 20:26:20 [main] INFO  o.s.t.c.s.AnnotationConfigContextLoaderUtils - Could not detect default configuration classes for test class [tutorial.pizzeria.controller.OrderTest]: OrderTest does not declare any static, non-private, non-final, nested classes annotated with @Configuration.
2025-09-30 20:26:20 [main] INFO  o.s.b.t.c.SpringBootTestContextBootstrapper - Found @SpringBootConfiguration tutorial.pizzeria.PizzeriaApplication for test class tutorial.pizzeria.controller.OrderTest
2025-09-30 20:26:20 [main] INFO  o.s.b.d.r.RestartApplicationListener - Restart disabled due to context in which it is running
2025-09-30 20:29:02 [main] INFO  o.s.t.c.s.AnnotationConfigContextLoaderUtils - Could not detect default configuration classes for test class [tutorial.pizzeria.controller.OrderTest]: OrderTest does not declare any static, non-private, non-final, nested classes annotated with @Configuration.
2025-09-30 20:29:02 [main] INFO  o.s.b.t.c.SpringBootTestContextBootstrapper - Found @SpringBootConfiguration tutorial.pizzeria.PizzeriaApplication for test class tutorial.pizzeria.controller.OrderTest
2025-09-30 20:29:02 [main] INFO  o.s.b.d.r.RestartApplicationListener - Restart disabled due to context in which it is running
2025-09-30 20:29:22 [main] INFO  o.s.t.c.s.AnnotationConfigContextLoaderUtils - Could not detect default configuration classes for test class [tutorial.pizzeria.controller.OrderTest]: OrderTest does not declare any static, non-private, non-final, nested classes annotated with @Configuration.
2025-09-30 20:29:22 [main] INFO  o.s.b.t.c.SpringBootTestContextBootstrapper - Found @SpringBootConfiguration tutorial.pizzeria.PizzeriaApplication for test class tutorial.pizzeria.controller.OrderTest
2025-09-30 20:29:22 [main] INFO  o.s.b.d.r.RestartApplicationListener - Restart disabled due to context in which it is running
2025-09-30 20:41:54 [main] INFO  o.s.t.c.s.AnnotationConfigContextLoaderUtils - Could not detect default configuration classes for test class [tutorial.pizzeria.controller.OrderTest]: OrderTest does not declare any static, non-private, non-final, nested classes annotated with @Configuration.
2025-09-30 20:41:54 [main] INFO  o.s.b.t.c.SpringBootTestContextBootstrapper - Found @SpringBootConfiguration tutorial.pizzeria.PizzeriaApplication for test class tutorial.pizzeria.controller.OrderTest
2025-09-30 20:41:55 [main] INFO  o.s.b.d.r.RestartApplicationListener - Restart disabled due to context in which it is running
2025-09-30 20:43:33 [main] INFO  o.s.t.c.s.AnnotationConfigContextLoaderUtils - Could not detect default configuration classes for test class [tutorial.pizzeria.controller.OrderTest]: OrderTest does not declare any static, non-private, non-final, nested classes annotated with @Configuration.
2025-09-30 20:43:33 [main] INFO  o.s.b.t.c.SpringBootTestContextBootstrapper - Found @SpringBootConfiguration tutorial.pizzeria.PizzeriaApplication for test class tutorial.pizzeria.controller.OrderTest
2025-09-30 20:43:34 [main] INFO  o.s.b.d.r.RestartApplicationListener - Restart disabled due to context in which it is running
2025-09-30 20:51:09 [main] INFO  o.s.t.c.s.AnnotationConfigContextLoaderUtils - Could not detect default configuration classes for test class [tutorial.pizzeria.controller.OrderTest]: OrderTest does not declare any static, non-private, non-final, nested classes annotated with @Configuration.
2025-09-30 20:51:09 [main] INFO  o.s.b.t.c.SpringBootTestContextBootstrapper - Found @SpringBootConfiguration tutorial.pizzeria.PizzeriaApplication for test class tutorial.pizzeria.controller.OrderTest
2025-09-30 20:51:09 [main] INFO  o.s.b.d.r.RestartApplicationListener - Restart disabled due to context in which it is running
2025-09-30 20:51:36 [main] INFO  o.s.t.c.s.AnnotationConfigContextLoaderUtils - Could not detect default configuration classes for test class [tutorial.pizzeria.controller.OrderTest]: OrderTest does not declare any static, non-private, non-final, nested classes annotated with @Configuration.
2025-09-30 20:51:36 [main] INFO  o.s.b.t.c.SpringBootTestContextBootstrapper - Found @SpringBootConfiguration tutorial.pizzeria.PizzeriaApplication for test class tutorial.pizzeria.controller.OrderTest
2025-09-30 20:51:37 [main] INFO  o.s.b.d.r.RestartApplicationListener - Restart disabled due to context in which it is running
2025-09-30 20:52:31 [main] INFO  o.s.t.c.s.AnnotationConfigContextLoaderUtils - Could not detect default configuration classes for test class [tutorial.pizzeria.controller.OrderTest]: OrderTest does not declare any static, non-private, non-final, nested classes annotated with @Configuration.
2025-09-30 20:52:32 [main] INFO  o.s.b.t.c.SpringBootTestContextBootstrapper - Found @SpringBootConfiguration tutorial.pizzeria.PizzeriaApplication for test class tutorial.pizzeria.controller.OrderTest
2025-09-30 20:52:32 [main] INFO  o.s.b.d.r.RestartApplicationListener - Restart disabled due to context in which it is running
2025-09-30 20:54:24 [main] INFO  o.s.t.c.s.AnnotationConfigContextLoaderUtils - Could not detect default configuration classes for test class [tutorial.pizzeria.controller.OrderTest]: OrderTest does not declare any static, non-private, non-final, nested classes annotated with @Configuration.
2025-09-30 20:54:24 [main] INFO  o.s.b.t.c.SpringBootTestContextBootstrapper - Found @SpringBootConfiguration tutorial.pizzeria.PizzeriaApplication for test class tutorial.pizzeria.controller.OrderTest
2025-09-30 20:54:25 [main] INFO  o.s.b.d.r.RestartApplicationListener - Restart disabled due to context in which it is running
2025-09-30 21:00:27 [main] INFO  o.s.t.c.s.AnnotationConfigContextLoaderUtils - Could not detect default configuration classes for test class [tutorial.pizzeria.controller.OrderTest]: OrderTest does not declare any static, non-private, non-final, nested classes annotated with @Configuration.
2025-09-30 21:00:27 [main] INFO  o.s.b.t.c.SpringBootTestContextBootstrapper - Found @SpringBootConfiguration tutorial.pizzeria.PizzeriaApplication for test class tutorial.pizzeria.controller.OrderTest
2025-09-30 21:00:27 [main] INFO  o.s.b.d.r.RestartApplicationListener - Restart disabled due to context in which it is running
2025-09-30 21:01:39 [main] INFO  o.s.t.c.s.AnnotationConfigContextLoaderUtils - Could not detect default configuration classes for test class [tutorial.pizzeria.controller.ProductTest]: ProductTest does not declare any static, non-private, non-final, nested classes annotated with @Configuration.
2025-09-30 21:01:39 [main] INFO  o.s.b.t.c.SpringBootTestContextBootstrapper - Found @SpringBootConfiguration tutorial.pizzeria.PizzeriaApplication for test class tutorial.pizzeria.controller.ProductTest
2025-09-30 21:01:40 [main] INFO  o.s.b.d.r.RestartApplicationListener - Restart disabled due to context in which it is running
