2025-09-24 18:47:06 [main] INFO  o.s.t.c.s.AnnotationConfigContextLoaderUtils - Could not detect default configuration classes for test class [tutorial.pizzeria.controller.ProductTest]: ProductTest does not declare any static, non-private, non-final, nested classes annotated with @Configuration.
2025-09-24 18:47:06 [main] INFO  o.s.b.t.c.SpringBootTestContextBootstrapper - Found @SpringBootConfiguration tutorial.pizzeria.PizzeriaApplication for test class tutorial.pizzeria.controller.ProductTest
2025-09-24 18:47:07 [main] INFO  o.s.b.d.r.RestartApplicationListener - Restart disabled due to context in which it is running
2025-09-24 18:48:35 [main] INFO  o.s.t.c.s.AnnotationConfigContextLoaderUtils - Could not detect default configuration classes for test class [tutorial.pizzeria.controller.ProductTest]: ProductTest does not declare any static, non-private, non-final, nested classes annotated with @Configuration.
2025-09-24 18:48:35 [main] INFO  o.s.b.t.c.SpringBootTestContextBootstrapper - Found @SpringBootConfiguration tutorial.pizzeria.PizzeriaApplication for test class tutorial.pizzeria.controller.ProductTest
2025-09-24 18:48:36 [main] INFO  o.s.b.d.r.RestartApplicationListener - Restart disabled due to context in which it is running
2025-09-24 18:57:31 [main] INFO  o.s.t.c.s.AnnotationConfigContextLoaderUtils - Could not detect default configuration classes for test class [tutorial.pizzeria.controller.OrderTest]: OrderTest does not declare any static, non-private, non-final, nested classes annotated with @Configuration.
2025-09-24 18:57:31 [main] INFO  o.s.b.t.c.SpringBootTestContextBootstrapper - Found @SpringBootConfiguration tutorial.pizzeria.PizzeriaApplication for test class tutorial.pizzeria.controller.OrderTest
2025-09-24 18:57:32 [main] INFO  o.s.b.d.r.RestartApplicationListener - Restart disabled due to context in which it is running
2025-09-24 19:07:52 [main] INFO  o.s.t.c.s.AnnotationConfigContextLoaderUtils - Could not detect default configuration classes for test class [tutorial.pizzeria.controller.OrderTest]: OrderTest does not declare any static, non-private, non-final, nested classes annotated with @Configuration.
2025-09-24 19:07:52 [main] INFO  o.s.b.t.c.SpringBootTestContextBootstrapper - Found @SpringBootConfiguration tutorial.pizzeria.PizzeriaApplication for test class tutorial.pizzeria.controller.OrderTest
2025-09-24 19:07:53 [main] INFO  o.s.b.d.r.RestartApplicationListener - Restart disabled due to context in which it is running
2025-09-24 19:08:57 [main] INFO  o.s.t.c.s.AnnotationConfigContextLoaderUtils - Could not detect default configuration classes for test class [tutorial.pizzeria.controller.OrderTest]: OrderTest does not declare any static, non-private, non-final, nested classes annotated with @Configuration.
2025-09-24 19:08:58 [main] INFO  o.s.b.t.c.SpringBootTestContextBootstrapper - Found @SpringBootConfiguration tutorial.pizzeria.PizzeriaApplication for test class tutorial.pizzeria.controller.OrderTest
2025-09-24 19:08:58 [main] INFO  o.s.b.d.r.RestartApplicationListener - Restart disabled due to context in which it is running
2025-09-24 19:09:14 [main] INFO  o.s.t.c.s.AnnotationConfigContextLoaderUtils - Could not detect default configuration classes for test class [tutorial.pizzeria.controller.OrderTest]: OrderTest does not declare any static, non-private, non-final, nested classes annotated with @Configuration.
2025-09-24 19:09:14 [main] INFO  o.s.b.t.c.SpringBootTestContextBootstrapper - Found @SpringBootConfiguration tutorial.pizzeria.PizzeriaApplication for test class tutorial.pizzeria.controller.OrderTest
2025-09-24 19:09:14 [main] INFO  o.s.b.d.r.RestartApplicationListener - Restart disabled due to context in which it is running
2025-09-24 19:11:52 [main] INFO  o.s.t.c.s.AnnotationConfigContextLoaderUtils - Could not detect default configuration classes for test class [tutorial.pizzeria.controller.OrderTest]: OrderTest does not declare any static, non-private, non-final, nested classes annotated with @Configuration.
2025-09-24 19:11:52 [main] INFO  o.s.b.t.c.SpringBootTestContextBootstrapper - Found @SpringBootConfiguration tutorial.pizzeria.PizzeriaApplication for test class tutorial.pizzeria.controller.OrderTest
2025-09-24 19:11:52 [main] INFO  o.s.b.d.r.RestartApplicationListener - Restart disabled due to context in which it is running
2025-09-24 19:12:40 [main] INFO  o.s.t.c.s.AnnotationConfigContextLoaderUtils - Could not detect default configuration classes for test class [tutorial.pizzeria.controller.OrderTest]: OrderTest does not declare any static, non-private, non-final, nested classes annotated with @Configuration.
2025-09-24 19:12:40 [main] INFO  o.s.b.t.c.SpringBootTestContextBootstrapper - Found @SpringBootConfiguration tutorial.pizzeria.PizzeriaApplication for test class tutorial.pizzeria.controller.OrderTest
2025-09-24 19:12:40 [main] INFO  o.s.b.d.r.RestartApplicationListener - Restart disabled due to context in which it is running
